<?xml version="1.0" encoding="UTF-8"?>
<!-- Generated by org.testng.reporters.JUnitReportReporter -->
<testsuite hostname="DESKTOP-12VJV9J" name="testngpack.sizeyunsuanTest" tests="6" failures="0" timestamp="27 Dec 2018 07:11:29 GMT" time="0.017" errors="1">
  <testcase name="sub" time="0.001" classname="testngpack.sizeyunsuanTest"/>
  <testcase name="add" time="0.000" classname="testngpack.sizeyunsuanTest">
    <error type="org.testng.TestNGException" message="
Parameter &#039;test1&#039; is required by @Test on method add but has not been marked @Optional or defined
in C:\Users\Administrator\AppData\Local\Temp\testng-eclipse--2122584346\testng-customsuite.xml">
      <![CDATA[org.testng.TestNGException: 
Parameter 'test1' is required by @Test on method add but has not been marked @Optional or defined
in C:\Users\Administrator\AppData\Local\Temp\testng-eclipse--2122584346\testng-customsuite.xml
	at org.testng.internal.Parameters.createParameters(Parameters.java:154)
	at org.testng.internal.Parameters.createParameters(Parameters.java:361)
	at org.testng.internal.Parameters.handleParameters(Parameters.java:451)
	at org.testng.internal.Invoker.handleParameters(Invoker.java:1270)
	at org.testng.internal.Invoker.createParameters(Invoker.java:985)
	at org.testng.internal.Invoker.invokeTestMethods(Invoker.java:1075)
	at org.testng.internal.TestMethodWorker.invokeTestMethods(TestMethodWorker.java:125)
	at org.testng.internal.TestMethodWorker.run(TestMethodWorker.java:108)
	at org.testng.TestRunner.privateRun(TestRunner.java:774)
	at org.testng.TestRunner.run(TestRunner.java:624)
	at org.testng.SuiteRunner.runTest(SuiteRunner.java:359)
	at org.testng.SuiteRunner.runSequentially(SuiteRunner.java:354)
	at org.testng.SuiteRunner.privateRun(SuiteRunner.java:312)
	at org.testng.SuiteRunner.run(SuiteRunner.java:261)
	at org.testng.SuiteRunnerWorker.runSuite(SuiteRunnerWorker.java:52)
	at org.testng.SuiteRunnerWorker.run(SuiteRunnerWorker.java:86)
	at org.testng.TestNG.runSuitesSequentially(TestNG.java:1215)
	at org.testng.TestNG.runSuitesLocally(TestNG.java:1140)
	at org.testng.TestNG.run(TestNG.java:1048)
	at org.testng.remote.RemoteTestNG.run(RemoteTestNG.java:112)
	at org.testng.remote.RemoteTestNG.initAndRun(RemoteTestNG.java:205)
	at org.testng.remote.RemoteTestNG.main(RemoteTestNG.java:176)
]]>
    </error>
  </testcase> <!-- add -->
  <testcase name="chu" time="0.001" classname="testngpack.sizeyunsuanTest"/>
  <testcase name="cheng" time="0.000" classname="testngpack.sizeyunsuanTest"/>
  <testcase name="cheng" time="0.013" classname="testngpack.sizeyunsuanTest"/>
  <testcase name="cheng" time="0.002" classname="testngpack.sizeyunsuanTest"/>
</testsuite> <!-- testngpack.sizeyunsuanTest -->
